<?xml version="1.0" encoding="UTF-8"?>
<!-- Generated by org.testng.reporters.JUnitReportReporter -->
<testsuite hostname="DESKTOP-RJ0FARP" failures="0" tests="2" name="Academy.E2Eworkflow.Homepage" time="3.868" errors="0" timestamp="09 May 2021 20:21:12 GMT" skipped="0">
  <testcase classname="Academy.E2Eworkflow.Homepage" name="basepagenav" time="0.359"/>
  <testcase classname="Academy.E2Eworkflow.Homepage" name="basepagenav" time="3.509"/>
</testsuite> <!-- Academy.E2Eworkflow.Homepage -->
