<?xml version="1.0" encoding="UTF-8"?>
<!-- Generated by org.testng.reporters.JUnitReportReporter -->
<testsuite hostname="DESKTOP-RJ0FARP" failures="0" tests="2" name="Academy.E2Eworkflow.ElementsPage" time="5.996" errors="0" timestamp="21 May 2021 18:34:12 GMT" skipped="0">
  <testcase classname="Academy.E2Eworkflow.ElementsPage" name="elementspage1" time="1.551"/>
  <testcase classname="Academy.E2Eworkflow.ElementsPage" name="elementspage1" time="4.445"/>
</testsuite> <!-- Academy.E2Eworkflow.ElementsPage -->
