<?xml version="1.0" encoding="UTF-8"?>
<!-- Generated by org.testng.reporters.JUnitReportReporter -->
<testsuite hostname="DESKTOP-RJ0FARP" failures="0" tests="2" name="Academy.E2Eworkflow.ElementsPage" time="6.980" errors="0" timestamp="23 May 2021 17:49:59 GMT" skipped="0">
  <testcase classname="Academy.E2Eworkflow.ElementsPage" name="elementspage1" time="2.336"/>
  <testcase classname="Academy.E2Eworkflow.ElementsPage" name="elementspage1" time="4.644"/>
</testsuite> <!-- Academy.E2Eworkflow.ElementsPage -->
